{
  "/Users/spielwiese/OneDrive/foundry/foundryvtt-tablesmith/src/module/tablesmith.ts": {
    "path": "/Users/spielwiese/OneDrive/foundry/foundryvtt-tablesmith/src/module/tablesmith.ts",
    "statementMap": {
      "0": { "start": { "line": 1, "column": 0 }, "end": { "line": 1, "column": 31 } },
      "1": { "start": { "line": 2, "column": 0 }, "end": { "line": 2, "column": 20 } },
      "2": { "start": { "line": 3, "column": 0 }, "end": { "line": 3, "column": 32 } },
      "3": { "start": { "line": 4, "column": 0 }, "end": { "line": 4, "column": 69 } },
      "4": { "start": { "line": 6, "column": 23 }, "end": { "line": 6, "column": 52 } },
      "5": { "start": { "line": 7, "column": 27 }, "end": { "line": 7, "column": 60 } },
      "6": { "start": { "line": 14, "column": 4 }, "end": { "line": 14, "column": 23 } },
      "7": { "start": { "line": 15, "column": 4 }, "end": { "line": 15, "column": 33 } },
      "8": { "start": { "line": 16, "column": 4 }, "end": { "line": 16, "column": 41 } },
      "9": { "start": { "line": 20, "column": 20 }, "end": { "line": 20, "column": 81 } },
      "10": { "start": { "line": 21, "column": 4 }, "end": { "line": 21, "column": 47 } },
      "11": { "start": { "line": 22, "column": 18 }, "end": { "line": 22, "column": 50 } },
      "12": { "start": { "line": 23, "column": 4 }, "end": { "line": 23, "column": 104 } },
      "13": { "start": { "line": 23, "column": 16 }, "end": { "line": 23, "column": 104 } },
      "14": { "start": { "line": 25, "column": 18 }, "end": { "line": 25, "column": 51 } },
      "15": { "start": { "line": 26, "column": 4 }, "end": { "line": 27, "column": 124 } },
      "16": { "start": { "line": 27, "column": 6 }, "end": { "line": 27, "column": 124 } },
      "17": { "start": { "line": 28, "column": 23 }, "end": { "line": 28, "column": 44 } },
      "18": { "start": { "line": 30, "column": 4 }, "end": { "line": 30, "column": 36 } },
      "19": { "start": { "line": 34, "column": 25 }, "end": { "line": 34, "column": 64 } },
      "20": { "start": { "line": 35, "column": 4 }, "end": { "line": 35, "column": 40 } },
      "21": { "start": { "line": 39, "column": 25 }, "end": { "line": 39, "column": 68 } },
      "22": { "start": { "line": 40, "column": 4 }, "end": { "line": 40, "column": 40 } },
      "23": { "start": { "line": 44, "column": 4 }, "end": { "line": 44, "column": 74 } },
      "24": { "start": { "line": 48, "column": 20 }, "end": { "line": 48, "column": 41 } },
      "25": { "start": { "line": 49, "column": 4 }, "end": { "line": 49, "column": 59 } },
      "26": { "start": { "line": 50, "column": 4 }, "end": { "line": 50, "column": 32 } },
      "27": { "start": { "line": 54, "column": 4 }, "end": { "line": 54, "column": 71 } },
      "28": { "start": { "line": 54, "column": 43 }, "end": { "line": 54, "column": 69 } },
      "29": { "start": { "line": 58, "column": 4 }, "end": { "line": 58, "column": 25 } },
      "30": { "start": { "line": 62, "column": 4 }, "end": { "line": 62, "column": 51 } },
      "31": { "start": { "line": 66, "column": 0 }, "end": { "line": 66, "column": 26 } }
    },
    "fnMap": {
      "0": {
        "name": "(anonymous_7)",
        "decl": { "start": { "line": 13, "column": 2 }, "end": { "line": 13, "column": null } },
        "loc": { "start": { "line": 13, "column": 2 }, "end": { "line": 17, "column": 3 } }
      },
      "1": {
        "name": "(anonymous_8)",
        "decl": { "start": { "line": 19, "column": 2 }, "end": { "line": 19, "column": 10 } },
        "loc": { "start": { "line": 19, "column": 29 }, "end": { "line": 31, "column": 3 } }
      },
      "2": {
        "name": "(anonymous_9)",
        "decl": { "start": { "line": 33, "column": 2 }, "end": { "line": 33, "column": 9 } },
        "loc": { "start": { "line": 33, "column": 9 }, "end": { "line": 36, "column": 3 } }
      },
      "3": {
        "name": "(anonymous_10)",
        "decl": { "start": { "line": 38, "column": 2 }, "end": { "line": 38, "column": 13 } },
        "loc": { "start": { "line": 38, "column": 13 }, "end": { "line": 41, "column": 3 } }
      },
      "4": {
        "name": "(anonymous_11)",
        "decl": { "start": { "line": 43, "column": 2 }, "end": { "line": 43, "column": 10 } },
        "loc": { "start": { "line": 43, "column": 25 }, "end": { "line": 45, "column": 3 } }
      },
      "5": {
        "name": "(anonymous_12)",
        "decl": { "start": { "line": 47, "column": 2 }, "end": { "line": 47, "column": 10 } },
        "loc": { "start": { "line": 47, "column": 48 }, "end": { "line": 51, "column": 3 } }
      },
      "6": {
        "name": "(anonymous_13)",
        "decl": { "start": { "line": 53, "column": 2 }, "end": { "line": 53, "column": 14 } },
        "loc": { "start": { "line": 53, "column": 27 }, "end": { "line": 55, "column": 3 } }
      },
      "7": {
        "name": "(anonymous_14)",
        "decl": { "start": { "line": 54, "column": 30 }, "end": { "line": 54, "column": 31 } },
        "loc": { "start": { "line": 54, "column": 43 }, "end": { "line": 54, "column": 69 } }
      },
      "8": {
        "name": "(anonymous_15)",
        "decl": { "start": { "line": 57, "column": 2 }, "end": { "line": 57, "column": 13 } },
        "loc": { "start": { "line": 57, "column": 13 }, "end": { "line": 59, "column": 3 } }
      },
      "9": {
        "name": "(anonymous_16)",
        "decl": { "start": { "line": 61, "column": 2 }, "end": { "line": 61, "column": 16 } },
        "loc": { "start": { "line": 61, "column": 16 }, "end": { "line": 63, "column": 3 } }
      }
    },
    "branchMap": {
      "0": {
        "loc": { "start": { "line": 23, "column": 4 }, "end": { "line": 23, "column": 104 } },
        "type": "if",
        "locations": [{ "start": { "line": 23, "column": 4 }, "end": { "line": 23, "column": 104 } }]
      },
      "1": {
        "loc": { "start": { "line": 26, "column": 4 }, "end": { "line": 27, "column": 124 } },
        "type": "if",
        "locations": [{ "start": { "line": 26, "column": 4 }, "end": { "line": 27, "column": 124 } }]
      }
    },
    "s": {
      "0": 1,
      "1": 1,
      "2": 1,
      "3": 1,
      "4": 1,
      "5": 1,
      "6": 2,
      "7": 2,
      "8": 2,
      "9": 1,
      "10": 1,
      "11": 1,
      "12": 1,
      "13": 0,
      "14": 1,
      "15": 1,
      "16": 0,
      "17": 1,
      "18": 1,
      "19": 2,
      "20": 2,
      "21": 2,
      "22": 2,
      "23": 2,
      "24": 2,
      "25": 2,
      "26": 2,
      "27": 2,
      "28": 2,
      "29": 1,
      "30": 0,
      "31": 1
    },
    "f": { "0": 2, "1": 1, "2": 2, "3": 2, "4": 2, "5": 2, "6": 2, "7": 2, "8": 1, "9": 0 },
    "b": { "0": [0], "1": [0] }
  },
  "/Users/spielwiese/OneDrive/foundry/foundryvtt-tablesmith/src/module/tsgroup.ts": {
    "path": "/Users/spielwiese/OneDrive/foundry/foundryvtt-tablesmith/src/module/tsgroup.ts",
    "statementMap": {
      "0": { "start": { "line": 1, "column": 0 }, "end": { "line": 1, "column": 32 } },
      "1": { "start": { "line": 7, "column": 4 }, "end": { "line": 7, "column": 21 } },
      "2": { "start": { "line": 8, "column": 4 }, "end": { "line": 8, "column": 21 } },
      "3": { "start": { "line": 12, "column": 4 }, "end": { "line": 12, "column": 21 } },
      "4": { "start": { "line": 16, "column": 4 }, "end": { "line": 16, "column": 23 } },
      "5": { "start": { "line": 20, "column": 4 }, "end": { "line": 20, "column": 83 } },
      "6": { "start": { "line": 20, "column": 33 }, "end": { "line": 20, "column": 83 } },
      "7": { "start": { "line": 21, "column": 4 }, "end": { "line": 21, "column": 29 } },
      "8": { "start": { "line": 25, "column": 17 }, "end": { "line": 25, "column": 55 } },
      "9": { "start": { "line": 26, "column": 17 }, "end": { "line": 26, "column": 27 } },
      "10": { "start": { "line": 27, "column": 4 }, "end": { "line": 35, "column": null } },
      "11": { "start": { "line": 29, "column": 6 }, "end": { "line": 34, "column": null } },
      "12": { "start": { "line": 30, "column": 8 }, "end": { "line": 33, "column": null } },
      "13": { "start": { "line": 31, "column": 10 }, "end": { "line": 31, "column": 35 } },
      "14": { "start": { "line": 32, "column": 10 }, "end": { "line": 32, "column": 16 } },
      "15": { "start": { "line": 36, "column": 4 }, "end": { "line": 36, "column": 18 } },
      "16": { "start": { "line": 40, "column": 18 }, "end": { "line": 40, "column": 74 } },
      "17": { "start": { "line": 41, "column": 4 }, "end": { "line": 41, "column": 48 } },
      "18": { "start": { "line": 45, "column": 4 }, "end": { "line": 45, "column": 26 } },
      "19": { "start": { "line": 49, "column": 4 }, "end": { "line": 49, "column": 47 } },
      "20": { "start": { "line": 53, "column": 0 }, "end": { "line": 53, "column": 23 } }
    },
    "fnMap": {
      "0": {
        "name": "(anonymous_1)",
        "decl": { "start": { "line": 6, "column": 2 }, "end": { "line": 6, "column": 14 } },
        "loc": { "start": { "line": 6, "column": 26 }, "end": { "line": 9, "column": 3 } }
      },
      "1": {
        "name": "(anonymous_2)",
        "decl": { "start": { "line": 11, "column": 2 }, "end": { "line": 11, "column": 9 } },
        "loc": { "start": { "line": 11, "column": 9 }, "end": { "line": 13, "column": 3 } }
      },
      "2": {
        "name": "(anonymous_3)",
        "decl": { "start": { "line": 15, "column": 2 }, "end": { "line": 15, "column": 11 } },
        "loc": { "start": { "line": 15, "column": 11 }, "end": { "line": 17, "column": 3 } }
      },
      "3": {
        "name": "(anonymous_4)",
        "decl": { "start": { "line": 19, "column": 2 }, "end": { "line": 19, "column": 17 } },
        "loc": { "start": { "line": 19, "column": 17 }, "end": { "line": 22, "column": 3 } }
      },
      "4": {
        "name": "(anonymous_5)",
        "decl": { "start": { "line": 24, "column": 2 }, "end": { "line": 24, "column": 8 } },
        "loc": { "start": { "line": 24, "column": 27 }, "end": { "line": 37, "column": 3 } }
      },
      "5": {
        "name": "(anonymous_6)",
        "decl": { "start": { "line": 39, "column": 2 }, "end": { "line": 39, "column": 10 } },
        "loc": { "start": { "line": 39, "column": 24 }, "end": { "line": 42, "column": 3 } }
      },
      "6": {
        "name": "(anonymous_7)",
        "decl": { "start": { "line": 44, "column": 2 }, "end": { "line": 44, "column": 13 } },
        "loc": { "start": { "line": 44, "column": 13 }, "end": { "line": 46, "column": 3 } }
      },
      "7": {
        "name": "(anonymous_8)",
        "decl": { "start": { "line": 48, "column": 2 }, "end": { "line": 48, "column": 12 } },
        "loc": { "start": { "line": 48, "column": 12 }, "end": { "line": 50, "column": 3 } }
      }
    },
    "branchMap": {
      "0": {
        "loc": { "start": { "line": 20, "column": 4 }, "end": { "line": 20, "column": 83 } },
        "type": "if",
        "locations": [{ "start": { "line": 20, "column": 4 }, "end": { "line": 20, "column": 83 } }]
      },
      "1": {
        "loc": { "start": { "line": 27, "column": 4 }, "end": { "line": 35, "column": null } },
        "type": "if",
        "locations": [{ "start": { "line": 27, "column": 4 }, "end": { "line": 35, "column": null } }]
      },
      "2": {
        "loc": { "start": { "line": 30, "column": 8 }, "end": { "line": 33, "column": null } },
        "type": "if",
        "locations": [{ "start": { "line": 30, "column": 8 }, "end": { "line": 33, "column": null } }]
      },
      "3": {
        "loc": { "start": { "line": 40, "column": 18 }, "end": { "line": 40, "column": 74 } },
        "type": "cond-expr",
        "locations": [
          { "start": { "line": 40, "column": 43 }, "end": { "line": 40, "column": 70 } },
          { "start": { "line": 40, "column": 73 }, "end": { "line": 40, "column": 74 } }
        ]
      }
    },
    "s": {
      "0": 3,
      "1": 9,
      "2": 9,
      "3": 0,
      "4": 5,
      "5": 6,
      "6": 0,
      "7": 6,
      "8": 1,
      "9": 1,
      "10": 1,
      "11": 1,
      "12": 1,
      "13": 1,
      "14": 1,
      "15": 1,
      "16": 8,
      "17": 8,
      "18": 0,
      "19": 9,
      "20": 3
    },
    "f": { "0": 9, "1": 0, "2": 5, "3": 6, "4": 1, "5": 8, "6": 0, "7": 9 },
    "b": { "0": [0], "1": [1], "2": [1], "3": [3, 5] }
  },
  "/Users/spielwiese/OneDrive/foundry/foundryvtt-tablesmith/src/module/tsrange.ts": {
    "path": "/Users/spielwiese/OneDrive/foundry/foundryvtt-tablesmith/src/module/tsrange.ts",
    "statementMap": {
      "0": { "start": { "line": 8, "column": 4 }, "end": { "line": 8, "column": 23 } },
      "1": { "start": { "line": 9, "column": 4 }, "end": { "line": 9, "column": 23 } },
      "2": { "start": { "line": 10, "column": 4 }, "end": { "line": 10, "column": 26 } },
      "3": { "start": { "line": 14, "column": 4 }, "end": { "line": 14, "column": 54 } },
      "4": { "start": { "line": 18, "column": 4 }, "end": { "line": 18, "column": 22 } },
      "5": { "start": { "line": 22, "column": 4 }, "end": { "line": 22, "column": 22 } },
      "6": { "start": { "line": 26, "column": 17 }, "end": { "line": 26, "column": 19 } },
      "7": { "start": { "line": 27, "column": 4 }, "end": { "line": 29, "column": 7 } },
      "8": { "start": { "line": 28, "column": 6 }, "end": { "line": 28, "column": 38 } },
      "9": { "start": { "line": 30, "column": 4 }, "end": { "line": 30, "column": 18 } },
      "10": { "start": { "line": 34, "column": 17 }, "end": { "line": 34, "column": 19 } },
      "11": { "start": { "line": 35, "column": 4 }, "end": { "line": 37, "column": 7 } },
      "12": { "start": { "line": 36, "column": 6 }, "end": { "line": 36, "column": 43 } },
      "13": { "start": { "line": 38, "column": 4 }, "end": { "line": 38, "column": 18 } },
      "14": { "start": { "line": 42, "column": 4 }, "end": { "line": 42, "column": 38 } },
      "15": { "start": { "line": 46, "column": 0 }, "end": { "line": 46, "column": 23 } }
    },
    "fnMap": {
      "0": {
        "name": "(anonymous_0)",
        "decl": { "start": { "line": 7, "column": 2 }, "end": { "line": 7, "column": 14 } },
        "loc": { "start": { "line": 7, "column": 42 }, "end": { "line": 11, "column": 3 } }
      },
      "1": {
        "name": "(anonymous_1)",
        "decl": { "start": { "line": 13, "column": 2 }, "end": { "line": 13, "column": 8 } },
        "loc": { "start": { "line": 13, "column": 22 }, "end": { "line": 15, "column": 3 } }
      },
      "2": {
        "name": "(anonymous_2)",
        "decl": { "start": { "line": 17, "column": 2 }, "end": { "line": 17, "column": 10 } },
        "loc": { "start": { "line": 17, "column": 10 }, "end": { "line": 19, "column": 3 } }
      },
      "3": {
        "name": "(anonymous_3)",
        "decl": { "start": { "line": 21, "column": 2 }, "end": { "line": 21, "column": 10 } },
        "loc": { "start": { "line": 21, "column": 10 }, "end": { "line": 23, "column": 3 } }
      },
      "4": {
        "name": "(anonymous_4)",
        "decl": { "start": { "line": 25, "column": 2 }, "end": { "line": 25, "column": 9 } },
        "loc": { "start": { "line": 25, "column": 9 }, "end": { "line": 31, "column": 3 } }
      },
      "5": {
        "name": "(anonymous_5)",
        "decl": { "start": { "line": 27, "column": 29 }, "end": { "line": 27, "column": 30 } },
        "loc": { "start": { "line": 27, "column": 44 }, "end": { "line": 29, "column": 5 } }
      },
      "6": {
        "name": "(anonymous_6)",
        "decl": { "start": { "line": 33, "column": 2 }, "end": { "line": 33, "column": 15 } },
        "loc": { "start": { "line": 33, "column": 15 }, "end": { "line": 39, "column": 3 } }
      },
      "7": {
        "name": "(anonymous_7)",
        "decl": { "start": { "line": 35, "column": 29 }, "end": { "line": 35, "column": 30 } },
        "loc": { "start": { "line": 35, "column": 44 }, "end": { "line": 37, "column": 5 } }
      },
      "8": {
        "name": "(anonymous_8)",
        "decl": { "start": { "line": 41, "column": 2 }, "end": { "line": 41, "column": 5 } },
        "loc": { "start": { "line": 41, "column": 30 }, "end": { "line": 43, "column": 3 } }
      }
    },
    "branchMap": {
      "0": {
        "loc": { "start": { "line": 14, "column": 11 }, "end": { "line": 14, "column": 53 } },
        "type": "binary-expr",
        "locations": [
          { "start": { "line": 14, "column": 11 }, "end": { "line": 14, "column": 30 } },
          { "start": { "line": 14, "column": 34 }, "end": { "line": 14, "column": 53 } }
        ]
      }
    },
    "s": {
      "0": 11,
      "1": 11,
      "2": 11,
      "3": 1,
      "4": 1,
      "5": 1,
      "6": 1,
      "7": 1,
      "8": 1,
      "9": 1,
      "10": 1,
      "11": 1,
      "12": 1,
      "13": 1,
      "14": 7,
      "15": 3
    },
    "f": { "0": 11, "1": 1, "2": 1, "3": 1, "4": 1, "5": 1, "6": 1, "7": 1, "8": 7 },
    "b": { "0": [1, 1] }
  },
  "/Users/spielwiese/OneDrive/foundry/foundryvtt-tablesmith/src/module/tstable.ts": {
    "path": "/Users/spielwiese/OneDrive/foundry/foundryvtt-tablesmith/src/module/tstable.ts",
    "statementMap": {
      "0": { "start": { "line": 2, "column": 0 }, "end": { "line": 2, "column": 32 } },
      "1": { "start": { "line": 10, "column": 4 }, "end": { "line": 10, "column": 21 } },
      "2": { "start": { "line": 11, "column": 4 }, "end": { "line": 11, "column": 21 } },
      "3": { "start": { "line": 15, "column": 4 }, "end": { "line": 15, "column": 21 } },
      "4": { "start": { "line": 19, "column": 4 }, "end": { "line": 19, "column": 23 } },
      "5": { "start": { "line": 23, "column": 4 }, "end": { "line": 23, "column": 60 } },
      "6": { "start": { "line": 23, "column": 39 }, "end": { "line": 23, "column": 58 } },
      "7": { "start": { "line": 27, "column": 4 }, "end": { "line": 27, "column": 47 } },
      "8": { "start": { "line": 31, "column": 4 }, "end": { "line": 31, "column": 82 } },
      "9": { "start": { "line": 31, "column": 33 }, "end": { "line": 31, "column": 82 } },
      "10": { "start": { "line": 32, "column": 4 }, "end": { "line": 32, "column": 40 } },
      "11": { "start": { "line": 36, "column": 4 }, "end": { "line": 36, "column": 84 } },
      "12": { "start": { "line": 36, "column": 33 }, "end": { "line": 36, "column": 84 } },
      "13": { "start": { "line": 37, "column": 4 }, "end": { "line": 37, "column": 43 } },
      "14": { "start": { "line": 41, "column": 4 }, "end": { "line": 41, "column": 65 } },
      "15": { "start": { "line": 45, "column": 4 }, "end": { "line": 45, "column": 43 } },
      "16": { "start": { "line": 49, "column": 0 }, "end": { "line": 49, "column": 23 } }
    },
    "fnMap": {
      "0": {
        "name": "(anonymous_1)",
        "decl": { "start": { "line": 9, "column": 2 }, "end": { "line": 9, "column": 14 } },
        "loc": { "start": { "line": 9, "column": 26 }, "end": { "line": 12, "column": 3 } }
      },
      "1": {
        "name": "(anonymous_2)",
        "decl": { "start": { "line": 14, "column": 2 }, "end": { "line": 14, "column": 9 } },
        "loc": { "start": { "line": 14, "column": 9 }, "end": { "line": 16, "column": 3 } }
      },
      "2": {
        "name": "(anonymous_3)",
        "decl": { "start": { "line": 18, "column": 2 }, "end": { "line": 18, "column": 11 } },
        "loc": { "start": { "line": 18, "column": 11 }, "end": { "line": 20, "column": 3 } }
      },
      "3": {
        "name": "(anonymous_4)",
        "decl": { "start": { "line": 22, "column": 2 }, "end": { "line": 22, "column": 14 } },
        "loc": { "start": { "line": 22, "column": 27 }, "end": { "line": 24, "column": 3 } }
      },
      "4": {
        "name": "(anonymous_5)",
        "decl": { "start": { "line": 23, "column": 28 }, "end": { "line": 23, "column": 29 } },
        "loc": { "start": { "line": 23, "column": 39 }, "end": { "line": 23, "column": 58 } }
      },
      "5": {
        "name": "(anonymous_6)",
        "decl": { "start": { "line": 26, "column": 2 }, "end": { "line": 26, "column": 17 } },
        "loc": { "start": { "line": 26, "column": 17 }, "end": { "line": 28, "column": 3 } }
      },
      "6": {
        "name": "(anonymous_7)",
        "decl": { "start": { "line": 30, "column": 2 }, "end": { "line": 30, "column": 10 } },
        "loc": { "start": { "line": 30, "column": 23 }, "end": { "line": 33, "column": 3 } }
      },
      "7": {
        "name": "(anonymous_8)",
        "decl": { "start": { "line": 35, "column": 2 }, "end": { "line": 35, "column": 10 } },
        "loc": { "start": { "line": 35, "column": 24 }, "end": { "line": 38, "column": 3 } }
      },
      "8": {
        "name": "(anonymous_9)",
        "decl": { "start": { "line": 40, "column": 2 }, "end": { "line": 40, "column": 17 } },
        "loc": { "start": { "line": 40, "column": 17 }, "end": { "line": 42, "column": 3 } }
      },
      "9": {
        "name": "(anonymous_10)",
        "decl": { "start": { "line": 44, "column": 2 }, "end": { "line": 44, "column": 22 } },
        "loc": { "start": { "line": 44, "column": 47 }, "end": { "line": 46, "column": 3 } }
      }
    },
    "branchMap": {
      "0": {
        "loc": { "start": { "line": 31, "column": 4 }, "end": { "line": 31, "column": 82 } },
        "type": "if",
        "locations": [{ "start": { "line": 31, "column": 4 }, "end": { "line": 31, "column": 82 } }]
      },
      "1": {
        "loc": { "start": { "line": 36, "column": 4 }, "end": { "line": 36, "column": 84 } },
        "type": "if",
        "locations": [{ "start": { "line": 36, "column": 4 }, "end": { "line": 36, "column": 84 } }]
      }
    },
    "s": {
      "0": 3,
      "1": 9,
      "2": 9,
      "3": 2,
      "4": 4,
      "5": 11,
      "6": 3,
      "7": 20,
      "8": 9,
      "9": 1,
      "10": 8,
      "11": 9,
      "12": 1,
      "13": 8,
      "14": 6,
      "15": 6,
      "16": 3
    },
    "f": { "0": 9, "1": 2, "2": 4, "3": 11, "4": 3, "5": 20, "6": 9, "7": 9, "8": 6, "9": 6 },
    "b": { "0": [1], "1": [1] }
  },
  "/Users/spielwiese/OneDrive/foundry/foundryvtt-tablesmith/src/module/expressions/tsdiceexpression.ts": {
    "path": "/Users/spielwiese/OneDrive/foundry/foundryvtt-tablesmith/src/module/expressions/tsdiceexpression.ts",
    "statementMap": {
      "0": { "start": { "line": 2, "column": 0 }, "end": { "line": 2, "column": 48 } },
      "1": { "start": { "line": 9, "column": 4 }, "end": { "line": 9, "column": 21 } },
      "2": { "start": { "line": 12, "column": 4 }, "end": { "line": 12, "column": 45 } },
      "3": { "start": { "line": 15, "column": 4 }, "end": { "line": 15, "column": 31 } },
      "4": { "start": { "line": 19, "column": 0 }, "end": { "line": 19, "column": 32 } }
    },
    "fnMap": {
      "0": {
        "name": "(anonymous_0)",
        "decl": { "start": { "line": 8, "column": 2 }, "end": { "line": 8, "column": 14 } },
        "loc": { "start": { "line": 8, "column": 28 }, "end": { "line": 10, "column": 3 } }
      },
      "1": {
        "name": "(anonymous_1)",
        "decl": { "start": { "line": 11, "column": 2 }, "end": { "line": 11, "column": 10 } },
        "loc": { "start": { "line": 11, "column": 10 }, "end": { "line": 13, "column": 3 } }
      },
      "2": {
        "name": "(anonymous_2)",
        "decl": { "start": { "line": 14, "column": 2 }, "end": { "line": 14, "column": 15 } },
        "loc": { "start": { "line": 14, "column": 15 }, "end": { "line": 16, "column": 3 } }
      }
    },
    "branchMap": {},
    "s": { "0": 3, "1": 1, "2": 1, "3": 0, "4": 3 },
    "f": { "0": 1, "1": 1, "2": 0 },
    "b": {}
  },
  "/Users/spielwiese/OneDrive/foundry/foundryvtt-tablesmith/src/module/expressions/tsexpressionsfactory.ts": {
    "path": "/Users/spielwiese/OneDrive/foundry/foundryvtt-tablesmith/src/module/expressions/tsexpressionsfactory.ts",
    "statementMap": {
      "0": { "start": { "line": 1, "column": 0 }, "end": { "line": 1, "column": 50 } },
      "1": { "start": { "line": 3, "column": 0 }, "end": { "line": 3, "column": 50 } },
      "2": { "start": { "line": 4, "column": 0 }, "end": { "line": 4, "column": 40 } },
      "3": { "start": { "line": 8, "column": 21 }, "end": { "line": 8, "column": 47 } },
      "4": { "start": { "line": 9, "column": 4 }, "end": { "line": 9, "column": 42 } },
      "5": { "start": { "line": 13, "column": 4 }, "end": { "line": 13, "column": 38 } },
      "6": { "start": { "line": 17, "column": 0 }, "end": { "line": 17, "column": 35 } }
    },
    "fnMap": {
      "0": {
        "name": "(anonymous_1)",
        "decl": { "start": { "line": 7, "column": 2 }, "end": { "line": 7, "column": 12 } },
        "loc": { "start": { "line": 7, "column": 41 }, "end": { "line": 10, "column": 3 } }
      },
      "1": {
        "name": "(anonymous_2)",
        "decl": { "start": { "line": 12, "column": 2 }, "end": { "line": 12, "column": 12 } },
        "loc": { "start": { "line": 12, "column": 25 }, "end": { "line": 14, "column": 3 } }
      }
    },
    "branchMap": {},
    "s": { "0": 3, "1": 3, "2": 3, "3": 1, "4": 1, "5": 6, "6": 3 },
    "f": { "0": 1, "1": 6 },
    "b": {}
  },
  "/Users/spielwiese/OneDrive/foundry/foundryvtt-tablesmith/src/module/expressions/tstextexpression.ts": {
    "path": "/Users/spielwiese/OneDrive/foundry/foundryvtt-tablesmith/src/module/expressions/tstextexpression.ts",
    "statementMap": {
      "0": { "start": { "line": 6, "column": 4 }, "end": { "line": 6, "column": 21 } },
      "1": { "start": { "line": 9, "column": 4 }, "end": { "line": 9, "column": 21 } },
      "2": { "start": { "line": 12, "column": 4 }, "end": { "line": 12, "column": 21 } },
      "3": { "start": { "line": 16, "column": 0 }, "end": { "line": 16, "column": 32 } }
    },
    "fnMap": {
      "0": {
        "name": "(anonymous_0)",
        "decl": { "start": { "line": 5, "column": 2 }, "end": { "line": 5, "column": 14 } },
        "loc": { "start": { "line": 5, "column": 26 }, "end": { "line": 7, "column": 3 } }
      },
      "1": {
        "name": "(anonymous_1)",
        "decl": { "start": { "line": 8, "column": 2 }, "end": { "line": 8, "column": 10 } },
        "loc": { "start": { "line": 8, "column": 10 }, "end": { "line": 10, "column": 3 } }
      },
      "2": {
        "name": "(anonymous_2)",
        "decl": { "start": { "line": 11, "column": 2 }, "end": { "line": 11, "column": 15 } },
        "loc": { "start": { "line": 11, "column": 15 }, "end": { "line": 13, "column": 3 } }
      }
    },
    "branchMap": {},
    "s": { "0": 7, "1": 2, "2": 1, "3": 4 },
    "f": { "0": 7, "1": 2, "2": 1 },
    "b": {}
  },
  "/Users/spielwiese/OneDrive/foundry/foundryvtt-tablesmith/src/module/roll/diceterm.ts": {
    "path": "/Users/spielwiese/OneDrive/foundry/foundryvtt-tablesmith/src/module/roll/diceterm.ts",
    "statementMap": {
      "0": { "start": { "line": 3, "column": 0 }, "end": { "line": 3, "column": 38 } },
      "1": { "start": { "line": 9, "column": 4 }, "end": { "line": 9, "column": 23 } },
      "2": { "start": { "line": 10, "column": 4 }, "end": { "line": 10, "column": 23 } },
      "3": { "start": { "line": 14, "column": 17 }, "end": { "line": 14, "column": 19 } },
      "4": { "start": { "line": 15, "column": 16 }, "end": { "line": 15, "column": 17 } },
      "5": { "start": { "line": 16, "column": 4 }, "end": { "line": 20, "column": null } },
      "6": { "start": { "line": 16, "column": 17 }, "end": { "line": 16, "column": 18 } },
      "7": { "start": { "line": 17, "column": 19 }, "end": { "line": 17, "column": 48 } },
      "8": { "start": { "line": 18, "column": 6 }, "end": { "line": 18, "column": 43 } },
      "9": { "start": { "line": 19, "column": 6 }, "end": { "line": 19, "column": 20 } },
      "10": { "start": { "line": 22, "column": 4 }, "end": { "line": 22, "column": 41 } },
      "11": { "start": { "line": 26, "column": 4 }, "end": { "line": 26, "column": 41 } },
      "12": { "start": { "line": 30, "column": 0 }, "end": { "line": 30, "column": 24 } }
    },
    "fnMap": {
      "0": {
        "name": "(anonymous_1)",
        "decl": { "start": { "line": 8, "column": 2 }, "end": { "line": 8, "column": 14 } },
        "loc": { "start": { "line": 8, "column": 42 }, "end": { "line": 11, "column": 3 } }
      },
      "1": {
        "name": "(anonymous_2)",
        "decl": { "start": { "line": 13, "column": 2 }, "end": { "line": 13, "column": 6 } },
        "loc": { "start": { "line": 13, "column": 21 }, "end": { "line": 23, "column": 3 } }
      },
      "2": {
        "name": "(anonymous_3)",
        "decl": { "start": { "line": 25, "column": 2 }, "end": { "line": 25, "column": 9 } },
        "loc": { "start": { "line": 25, "column": 9 }, "end": { "line": 27, "column": 3 } }
      }
    },
    "branchMap": {
      "0": {
        "loc": { "start": { "line": 18, "column": 16 }, "end": { "line": 18, "column": 42 } },
        "type": "cond-expr",
        "locations": [
          { "start": { "line": 18, "column": 25 }, "end": { "line": 18, "column": 29 } },
          { "start": { "line": 18, "column": 32 }, "end": { "line": 18, "column": 42 } }
        ]
      }
    },
    "s": { "0": 3, "1": 1, "2": 1, "3": 1, "4": 1, "5": 1, "6": 1, "7": 2, "8": 2, "9": 2, "10": 1, "11": 0, "12": 3 },
    "f": { "0": 1, "1": 1, "2": 0 },
    "b": { "0": [1, 1] }
  },
  "/Users/spielwiese/OneDrive/foundry/foundryvtt-tablesmith/src/module/roll/mersennetwister.ts": {
    "path": "/Users/spielwiese/OneDrive/foundry/foundryvtt-tablesmith/src/module/roll/mersennetwister.ts",
    "statementMap": {
      "0": { "start": { "line": 48, "column": 4 }, "end": { "line": 48, "column": 32 } },
      "1": { "start": { "line": 49, "column": 4 }, "end": { "line": 49, "column": 17 } },
      "2": { "start": { "line": 50, "column": 4 }, "end": { "line": 50, "column": 17 } },
      "3": { "start": { "line": 51, "column": 4 }, "end": { "line": 51, "column": 33 } },
      "4": { "start": { "line": 52, "column": 4 }, "end": { "line": 52, "column": 33 } },
      "5": { "start": { "line": 53, "column": 4 }, "end": { "line": 53, "column": 31 } },
      "6": { "start": { "line": 56, "column": 4 }, "end": { "line": 56, "column": 32 } },
      "7": { "start": { "line": 57, "column": 4 }, "end": { "line": 57, "column": 26 } },
      "8": { "start": { "line": 58, "column": 4 }, "end": { "line": 58, "column": 56 } },
      "9": { "start": { "line": 68, "column": 4 }, "end": { "line": 68, "column": 21 } },
      "10": { "start": { "line": 70, "column": 4 }, "end": { "line": 70, "column": 28 } },
      "11": { "start": { "line": 72, "column": 4 }, "end": { "line": 76, "column": null } },
      "12": { "start": { "line": 73, "column": 6 }, "end": { "line": 73, "column": 65 } },
      "13": { "start": { "line": 74, "column": 6 }, "end": { "line": 74, "column": 118 } },
      "14": { "start": { "line": 75, "column": 6 }, "end": { "line": 75, "column": 31 } },
      "15": { "start": { "line": 77, "column": 4 }, "end": { "line": 77, "column": 16 } },
      "16": { "start": { "line": 90, "column": 12 }, "end": { "line": 90, "column": 13 } },
      "17": { "start": { "line": 91, "column": 10 }, "end": { "line": 91, "column": 11 } },
      "18": { "start": { "line": 92, "column": 10 }, "end": { "line": 92, "column": 57 } },
      "19": { "start": { "line": 94, "column": 4 }, "end": { "line": 94, "column": 24 } },
      "20": { "start": { "line": 95, "column": 4 }, "end": { "line": 110, "column": null } },
      "21": { "start": { "line": 96, "column": 6 }, "end": { "line": 96, "column": 51 } },
      "22": { "start": { "line": 98, "column": 6 }, "end": { "line": 99, "column": 116 } },
      "23": { "start": { "line": 100, "column": 6 }, "end": { "line": 100, "column": 24 } },
      "24": { "start": { "line": 101, "column": 6 }, "end": { "line": 101, "column": 10 } },
      "25": { "start": { "line": 102, "column": 6 }, "end": { "line": 102, "column": 10 } },
      "26": { "start": { "line": 103, "column": 6 }, "end": { "line": 106, "column": null } },
      "27": { "start": { "line": 104, "column": 8 }, "end": { "line": 104, "column": 41 } },
      "28": { "start": { "line": 105, "column": 8 }, "end": { "line": 105, "column": 14 } },
      "29": { "start": { "line": 107, "column": 6 }, "end": { "line": 109, "column": null } },
      "30": { "start": { "line": 108, "column": 8 }, "end": { "line": 108, "column": 14 } },
      "31": { "start": { "line": 112, "column": 4 }, "end": { "line": 122, "column": null } },
      "32": { "start": { "line": 113, "column": 6 }, "end": { "line": 113, "column": 51 } },
      "33": { "start": { "line": 114, "column": 6 }, "end": { "line": 115, "column": 110 } },
      "34": { "start": { "line": 116, "column": 6 }, "end": { "line": 116, "column": 24 } },
      "35": { "start": { "line": 117, "column": 6 }, "end": { "line": 117, "column": 10 } },
      "36": { "start": { "line": 118, "column": 6 }, "end": { "line": 121, "column": null } },
      "37": { "start": { "line": 119, "column": 8 }, "end": { "line": 119, "column": 41 } },
      "38": { "start": { "line": 120, "column": 8 }, "end": { "line": 120, "column": 14 } },
      "39": { "start": { "line": 123, "column": 4 }, "end": { "line": 123, "column": 28 } },
      "40": { "start": { "line": 136, "column": 14 }, "end": { "line": 136, "column": 32 } },
      "41": { "start": { "line": 138, "column": 4 }, "end": { "line": 156, "column": null } },
      "42": { "start": { "line": 139, "column": 6 }, "end": { "line": 141, "column": null } },
      "43": { "start": { "line": 140, "column": 8 }, "end": { "line": 140, "column": 24 } },
      "44": { "start": { "line": 143, "column": 6 }, "end": { "line": 146, "column": null } },
      "45": { "start": { "line": 144, "column": 8 }, "end": { "line": 144, "column": 82 } },
      "46": { "start": { "line": 145, "column": 8 }, "end": { "line": 145, "column": 70 } },
      "47": { "start": { "line": 148, "column": 6 }, "end": { "line": 151, "column": null } },
      "48": { "start": { "line": 149, "column": 8 }, "end": { "line": 149, "column": 82 } },
      "49": { "start": { "line": 150, "column": 8 }, "end": { "line": 150, "column": 81 } },
      "50": { "start": { "line": 153, "column": 6 }, "end": { "line": 153, "column": 83 } },
      "51": { "start": { "line": 154, "column": 6 }, "end": { "line": 154, "column": 75 } },
      "52": { "start": { "line": 155, "column": 6 }, "end": { "line": 155, "column": 19 } },
      "53": { "start": { "line": 158, "column": 4 }, "end": { "line": 158, "column": 28 } },
      "54": { "start": { "line": 160, "column": 4 }, "end": { "line": 160, "column": 18 } },
      "55": { "start": { "line": 161, "column": 4 }, "end": { "line": 161, "column": 31 } },
      "56": { "start": { "line": 162, "column": 4 }, "end": { "line": 162, "column": 32 } },
      "57": { "start": { "line": 163, "column": 4 }, "end": { "line": 163, "column": 18 } },
      "58": { "start": { "line": 165, "column": 4 }, "end": { "line": 165, "column": 19 } },
      "59": { "start": { "line": 175, "column": 4 }, "end": { "line": 175, "column": 28 } },
      "60": { "start": { "line": 185, "column": 4 }, "end": { "line": 185, "column": 51 } },
      "61": { "start": { "line": 195, "column": 4 }, "end": { "line": 195, "column": 53 } },
      "62": { "start": { "line": 205, "column": 4 }, "end": { "line": 205, "column": 45 } },
      "63": { "start": { "line": 217, "column": 4 }, "end": { "line": 217, "column": 22 } },
      "64": { "start": { "line": 227, "column": 14 }, "end": { "line": 227, "column": 30 } },
      "65": { "start": { "line": 228, "column": 14 }, "end": { "line": 228, "column": 30 } },
      "66": { "start": { "line": 229, "column": 4 }, "end": { "line": 229, "column": 61 } },
      "67": { "start": { "line": 239, "column": 12 }, "end": { "line": 239, "column": 13 } },
      "68": { "start": { "line": 240, "column": 4 }, "end": { "line": 240, "column": 38 } },
      "69": { "start": { "line": 240, "column": 20 }, "end": { "line": 240, "column": 38 } },
      "70": { "start": { "line": 241, "column": 12 }, "end": { "line": 241, "column": 13 } },
      "71": { "start": { "line": 242, "column": 4 }, "end": { "line": 242, "column": 38 } },
      "72": { "start": { "line": 242, "column": 20 }, "end": { "line": 242, "column": 38 } },
      "73": { "start": { "line": 243, "column": 14 }, "end": { "line": 243, "column": 73 } },
      "74": { "start": { "line": 244, "column": 4 }, "end": { "line": 244, "column": 26 } },
      "75": { "start": { "line": 252, "column": 4 }, "end": { "line": 252, "column": 26 } },
      "76": { "start": { "line": 260, "column": 4 }, "end": { "line": 260, "column": 33 } },
      "77": { "start": { "line": 264, "column": 14 }, "end": { "line": 264, "column": 45 } },
      "78": { "start": { "line": 266, "column": 0 }, "end": { "line": 266, "column": 21 } }
    },
    "fnMap": {
      "0": {
        "name": "(anonymous_0)",
        "decl": { "start": { "line": 46, "column": 2 }, "end": { "line": 46, "column": 14 } },
        "loc": { "start": { "line": 46, "column": 26 }, "end": { "line": 59, "column": 3 } }
      },
      "1": {
        "name": "(anonymous_1)",
        "decl": { "start": { "line": 67, "column": 2 }, "end": { "line": 67, "column": 6 } },
        "loc": { "start": { "line": 67, "column": 19 }, "end": { "line": 78, "column": 3 } }
      },
      "2": {
        "name": "(anonymous_2)",
        "decl": { "start": { "line": 89, "column": 2 }, "end": { "line": 89, "column": 11 } },
        "loc": { "start": { "line": 89, "column": 30 }, "end": { "line": 124, "column": 3 } }
      },
      "3": {
        "name": "(anonymous_3)",
        "decl": { "start": { "line": 132, "column": 2 }, "end": { "line": 132, "column": 5 } },
        "loc": { "start": { "line": 132, "column": 5 }, "end": { "line": 166, "column": 3 } }
      },
      "4": {
        "name": "(anonymous_4)",
        "decl": { "start": { "line": 174, "column": 2 }, "end": { "line": 174, "column": 7 } },
        "loc": { "start": { "line": 174, "column": 7 }, "end": { "line": 176, "column": 3 } }
      },
      "5": {
        "name": "(anonymous_5)",
        "decl": { "start": { "line": 184, "column": 2 }, "end": { "line": 184, "column": 6 } },
        "loc": { "start": { "line": 184, "column": 6 }, "end": { "line": 186, "column": 3 } }
      },
      "6": {
        "name": "(anonymous_6)",
        "decl": { "start": { "line": 194, "column": 2 }, "end": { "line": 194, "column": 7 } },
        "loc": { "start": { "line": 194, "column": 7 }, "end": { "line": 196, "column": 3 } }
      },
      "7": {
        "name": "(anonymous_7)",
        "decl": { "start": { "line": 204, "column": 2 }, "end": { "line": 204, "column": 5 } },
        "loc": { "start": { "line": 204, "column": 5 }, "end": { "line": 206, "column": 3 } }
      },
      "8": {
        "name": "(anonymous_8)",
        "decl": { "start": { "line": 216, "column": 2 }, "end": { "line": 216, "column": 8 } },
        "loc": { "start": { "line": 216, "column": 8 }, "end": { "line": 218, "column": 3 } }
      },
      "9": {
        "name": "(anonymous_9)",
        "decl": { "start": { "line": 226, "column": 2 }, "end": { "line": 226, "column": 10 } },
        "loc": { "start": { "line": 226, "column": 10 }, "end": { "line": 230, "column": 3 } }
      },
      "10": {
        "name": "(anonymous_10)",
        "decl": { "start": { "line": 238, "column": 2 }, "end": { "line": 238, "column": 8 } },
        "loc": { "start": { "line": 238, "column": 34 }, "end": { "line": 245, "column": 3 } }
      },
      "11": {
        "name": "(anonymous_11)",
        "decl": { "start": { "line": 251, "column": 2 }, "end": { "line": 251, "column": 8 } },
        "loc": { "start": { "line": 251, "column": 15 }, "end": { "line": 253, "column": 3 } }
      },
      "12": {
        "name": "(anonymous_12)",
        "decl": { "start": { "line": 259, "column": 2 }, "end": { "line": 259, "column": 8 } },
        "loc": { "start": { "line": 259, "column": 23 }, "end": { "line": 261, "column": 3 } }
      }
    },
    "branchMap": {
      "0": {
        "loc": { "start": { "line": 58, "column": 26 }, "end": { "line": 58, "column": 54 } },
        "type": "binary-expr",
        "locations": [
          { "start": { "line": 58, "column": 26 }, "end": { "line": 58, "column": 30 } },
          { "start": { "line": 58, "column": 34 }, "end": { "line": 58, "column": 54 } }
        ]
      },
      "1": {
        "loc": { "start": { "line": 92, "column": 10 }, "end": { "line": 92, "column": 57 } },
        "type": "cond-expr",
        "locations": [
          { "start": { "line": 92, "column": 35 }, "end": { "line": 92, "column": 41 } },
          { "start": { "line": 92, "column": 44 }, "end": { "line": 92, "column": 57 } }
        ]
      },
      "2": {
        "loc": { "start": { "line": 103, "column": 6 }, "end": { "line": 106, "column": null } },
        "type": "if",
        "locations": [{ "start": { "line": 103, "column": 6 }, "end": { "line": 106, "column": null } }]
      },
      "3": {
        "loc": { "start": { "line": 107, "column": 6 }, "end": { "line": 109, "column": null } },
        "type": "if",
        "locations": [{ "start": { "line": 107, "column": 6 }, "end": { "line": 109, "column": null } }]
      },
      "4": {
        "loc": { "start": { "line": 118, "column": 6 }, "end": { "line": 121, "column": null } },
        "type": "if",
        "locations": [{ "start": { "line": 118, "column": 6 }, "end": { "line": 121, "column": null } }]
      },
      "5": {
        "loc": { "start": { "line": 138, "column": 4 }, "end": { "line": 156, "column": null } },
        "type": "if",
        "locations": [{ "start": { "line": 138, "column": 4 }, "end": { "line": 156, "column": null } }]
      },
      "6": {
        "loc": { "start": { "line": 139, "column": 6 }, "end": { "line": 141, "column": null } },
        "type": "if",
        "locations": [{ "start": { "line": 139, "column": 6 }, "end": { "line": 141, "column": null } }]
      }
    },
    "s": {
      "0": 3,
      "1": 3,
      "2": 3,
      "3": 3,
      "4": 3,
      "5": 3,
      "6": 3,
      "7": 3,
      "8": 3,
      "9": 3,
      "10": 3,
      "11": 3,
      "12": 1869,
      "13": 1869,
      "14": 1869,
      "15": 3,
      "16": 0,
      "17": 0,
      "18": 0,
      "19": 0,
      "20": 0,
      "21": 0,
      "22": 0,
      "23": 0,
      "24": 0,
      "25": 0,
      "26": 0,
      "27": 0,
      "28": 0,
      "29": 0,
      "30": 0,
      "31": 0,
      "32": 0,
      "33": 0,
      "34": 0,
      "35": 0,
      "36": 0,
      "37": 0,
      "38": 0,
      "39": 0,
      "40": 2,
      "41": 2,
      "42": 1,
      "43": 0,
      "44": 1,
      "45": 227,
      "46": 227,
      "47": 1,
      "48": 396,
      "49": 396,
      "50": 1,
      "51": 1,
      "52": 1,
      "53": 2,
      "54": 2,
      "55": 2,
      "56": 2,
      "57": 2,
      "58": 2,
      "59": 0,
      "60": 0,
      "61": 0,
      "62": 2,
      "63": 2,
      "64": 0,
      "65": 0,
      "66": 0,
      "67": 0,
      "68": 0,
      "69": 0,
      "70": 0,
      "71": 0,
      "72": 0,
      "73": 0,
      "74": 0,
      "75": 0,
      "76": 0,
      "77": 3,
      "78": 3
    },
    "f": { "0": 3, "1": 3, "2": 0, "3": 2, "4": 0, "5": 0, "6": 0, "7": 2, "8": 2, "9": 0, "10": 0, "11": 0, "12": 0 },
    "b": { "0": [3, 0], "1": [0, 0], "2": [0], "3": [0], "4": [0], "5": [1], "6": [0] }
  },
  "/Users/spielwiese/OneDrive/foundry/foundryvtt-tablesmith/src/module/roll/roller.ts": {
    "path": "/Users/spielwiese/OneDrive/foundry/foundryvtt-tablesmith/src/module/roll/roller.ts",
    "statementMap": {
      "0": { "start": { "line": 1, "column": 0 }, "end": { "line": 1, "column": 38 } },
      "1": { "start": { "line": 2, "column": 0 }, "end": { "line": 2, "column": 38 } },
      "2": { "start": { "line": 7, "column": 4 }, "end": { "line": 7, "column": 20 } },
      "3": { "start": { "line": 11, "column": 19 }, "end": { "line": 11, "column": 75 } },
      "4": { "start": { "line": 12, "column": 4 }, "end": { "line": 12, "column": 28 } },
      "5": { "start": { "line": 13, "column": 4 }, "end": { "line": 13, "column": 18 } },
      "6": { "start": { "line": 17, "column": 0 }, "end": { "line": 17, "column": 22 } }
    },
    "fnMap": {
      "0": {
        "name": "(anonymous_1)",
        "decl": { "start": { "line": 6, "column": 2 }, "end": { "line": 6, "column": null } },
        "loc": { "start": { "line": 6, "column": 2 }, "end": { "line": 8, "column": 3 } }
      },
      "1": {
        "name": "(anonymous_2)",
        "decl": { "start": { "line": 10, "column": 2 }, "end": { "line": 10, "column": 6 } },
        "loc": { "start": { "line": 10, "column": 20 }, "end": { "line": 14, "column": 3 } }
      }
    },
    "branchMap": {},
    "s": { "0": 3, "1": 3, "2": 3, "3": 2, "4": 2, "5": 2, "6": 3 },
    "f": { "0": 3, "1": 2 },
    "b": {}
  },
  "/Users/spielwiese/OneDrive/foundry/foundryvtt-tablesmith/src/module/roll/rollerinstance.ts": {
    "path": "/Users/spielwiese/OneDrive/foundry/foundryvtt-tablesmith/src/module/roll/rollerinstance.ts",
    "statementMap": {
      "0": { "start": { "line": 1, "column": 0 }, "end": { "line": 1, "column": 30 } },
      "1": { "start": { "line": 3, "column": 13 }, "end": { "line": 3, "column": 35 } }
    },
    "fnMap": {},
    "branchMap": {},
    "s": { "0": 3, "1": 3 },
    "f": {},
    "b": {}
  },
  "/Users/spielwiese/OneDrive/foundry/foundryvtt-tablesmith/src/module/roll/rollresult.ts": {
    "path": "/Users/spielwiese/OneDrive/foundry/foundryvtt-tablesmith/src/module/roll/rollresult.ts",
    "statementMap": {
      "0": { "start": { "line": 5, "column": 4 }, "end": { "line": 5, "column": 23 } },
      "1": { "start": { "line": 6, "column": 4 }, "end": { "line": 6, "column": 23 } },
      "2": { "start": { "line": 10, "column": 0 }, "end": { "line": 10, "column": 26 } }
    },
    "fnMap": {
      "0": {
        "name": "(anonymous_0)",
        "decl": { "start": { "line": 4, "column": 2 }, "end": { "line": 4, "column": 14 } },
        "loc": { "start": { "line": 4, "column": 42 }, "end": { "line": 7, "column": 3 } }
      }
    },
    "branchMap": {},
    "s": { "0": 2, "1": 2, "2": 3 },
    "f": { "0": 2 },
    "b": {}
  },
  "/Users/spielwiese/OneDrive/foundry/foundryvtt-tablesmith/src/module/roll/termresult.ts": {
    "path": "/Users/spielwiese/OneDrive/foundry/foundryvtt-tablesmith/src/module/roll/termresult.ts",
    "statementMap": {
      "0": { "start": { "line": 5, "column": 4 }, "end": { "line": 5, "column": 23 } },
      "1": { "start": { "line": 6, "column": 4 }, "end": { "line": 6, "column": 25 } },
      "2": { "start": { "line": 10, "column": 0 }, "end": { "line": 10, "column": 26 } }
    },
    "fnMap": {
      "0": {
        "name": "(anonymous_0)",
        "decl": { "start": { "line": 4, "column": 2 }, "end": { "line": 4, "column": 14 } },
        "loc": { "start": { "line": 4, "column": 43 }, "end": { "line": 7, "column": 3 } }
      }
    },
    "branchMap": {},
    "s": { "0": 1, "1": 1, "2": 3 },
    "f": { "0": 1 },
    "b": {}
  }
}
