TN:
SF:src/module/tablesmith.ts
FN:13,(anonymous_7)
FN:19,(anonymous_8)
FN:33,(anonymous_9)
FN:38,(anonymous_10)
FN:43,(anonymous_11)
FN:47,(anonymous_12)
FN:53,(anonymous_13)
FN:54,(anonymous_14)
FN:57,(anonymous_15)
FN:61,(anonymous_16)
FNF:10
FNH:9
FNDA:2,(anonymous_7)
FNDA:1,(anonymous_8)
FNDA:2,(anonymous_9)
FNDA:2,(anonymous_10)
FNDA:2,(anonymous_11)
FNDA:2,(anonymous_12)
FNDA:2,(anonymous_13)
FNDA:2,(anonymous_14)
FNDA:1,(anonymous_15)
FNDA:0,(anonymous_16)
DA:1,1
DA:2,1
DA:3,1
DA:4,1
DA:6,1
DA:7,1
DA:14,2
DA:15,2
DA:16,2
DA:20,1
DA:21,1
DA:22,1
DA:23,1
DA:25,1
DA:26,1
DA:27,0
DA:28,1
DA:30,1
DA:34,2
DA:35,2
DA:39,2
DA:40,2
DA:44,2
DA:48,2
DA:49,2
DA:50,2
DA:54,2
DA:58,1
DA:62,0
DA:66,1
LF:30
LH:28
BRDA:23,0,0,0
BRDA:26,1,0,0
BRF:2
BRH:0
end_of_record
TN:
SF:src/module/tsgroup.ts
FN:6,(anonymous_1)
FN:11,(anonymous_2)
FN:15,(anonymous_3)
FN:19,(anonymous_4)
FN:24,(anonymous_5)
FN:39,(anonymous_6)
FN:44,(anonymous_7)
FN:48,(anonymous_8)
FNF:8
FNH:6
FNDA:9,(anonymous_1)
FNDA:0,(anonymous_2)
FNDA:5,(anonymous_3)
FNDA:6,(anonymous_4)
FNDA:1,(anonymous_5)
FNDA:8,(anonymous_6)
FNDA:0,(anonymous_7)
FNDA:9,(anonymous_8)
DA:1,3
DA:7,9
DA:8,9
DA:12,0
DA:16,5
DA:20,6
DA:21,6
DA:25,1
DA:26,1
DA:27,1
DA:29,1
DA:30,1
DA:31,1
DA:32,1
DA:36,1
DA:40,8
DA:41,8
DA:45,0
DA:49,9
DA:53,3
LF:20
LH:18
BRDA:20,0,0,0
BRDA:27,1,0,1
BRDA:30,2,0,1
BRDA:40,3,0,3
BRDA:40,3,1,5
BRF:5
BRH:4
end_of_record
TN:
SF:src/module/tsrange.ts
FN:7,(anonymous_0)
FN:13,(anonymous_1)
FN:17,(anonymous_2)
FN:21,(anonymous_3)
FN:25,(anonymous_4)
FN:27,(anonymous_5)
FN:33,(anonymous_6)
FN:35,(anonymous_7)
FN:41,(anonymous_8)
FNF:9
FNH:9
FNDA:11,(anonymous_0)
FNDA:1,(anonymous_1)
FNDA:1,(anonymous_2)
FNDA:1,(anonymous_3)
FNDA:1,(anonymous_4)
FNDA:1,(anonymous_5)
FNDA:1,(anonymous_6)
FNDA:1,(anonymous_7)
FNDA:7,(anonymous_8)
DA:8,11
DA:9,11
DA:10,11
DA:14,1
DA:18,1
DA:22,1
DA:26,1
DA:27,1
DA:28,1
DA:30,1
DA:34,1
DA:35,1
DA:36,1
DA:38,1
DA:42,7
DA:46,3
LF:16
LH:16
BRDA:14,0,0,1
BRDA:14,0,1,1
BRF:2
BRH:2
end_of_record
TN:
SF:src/module/tstable.ts
FN:9,(anonymous_1)
FN:14,(anonymous_2)
FN:18,(anonymous_3)
FN:22,(anonymous_4)
FN:23,(anonymous_5)
FN:26,(anonymous_6)
FN:30,(anonymous_7)
FN:35,(anonymous_8)
FN:40,(anonymous_9)
FN:44,(anonymous_10)
FNF:10
FNH:10
FNDA:9,(anonymous_1)
FNDA:2,(anonymous_2)
FNDA:4,(anonymous_3)
FNDA:11,(anonymous_4)
FNDA:3,(anonymous_5)
FNDA:20,(anonymous_6)
FNDA:9,(anonymous_7)
FNDA:9,(anonymous_8)
FNDA:6,(anonymous_9)
FNDA:6,(anonymous_10)
DA:2,3
DA:10,9
DA:11,9
DA:15,2
DA:19,4
DA:23,11
DA:27,20
DA:31,9
DA:32,8
DA:36,9
DA:37,8
DA:41,6
DA:45,6
DA:49,3
LF:14
LH:14
BRDA:31,0,0,1
BRDA:36,1,0,1
BRF:2
BRH:2
end_of_record
TN:
SF:src/module/expressions/tsdiceexpression.ts
FN:8,(anonymous_0)
FN:11,(anonymous_1)
FN:14,(anonymous_2)
FNF:3
FNH:2
FNDA:1,(anonymous_0)
FNDA:1,(anonymous_1)
FNDA:0,(anonymous_2)
DA:2,3
DA:9,1
DA:12,1
DA:15,0
DA:19,3
LF:5
LH:4
BRF:0
BRH:0
end_of_record
TN:
SF:src/module/expressions/tsexpressionsfactory.ts
FN:7,(anonymous_1)
FN:12,(anonymous_2)
FNF:2
FNH:2
FNDA:1,(anonymous_1)
FNDA:6,(anonymous_2)
DA:1,3
DA:3,3
DA:4,3
DA:8,1
DA:9,1
DA:13,6
DA:17,3
LF:7
LH:7
BRF:0
BRH:0
end_of_record
TN:
SF:src/module/expressions/tstextexpression.ts
FN:5,(anonymous_0)
FN:8,(anonymous_1)
FN:11,(anonymous_2)
FNF:3
FNH:3
FNDA:7,(anonymous_0)
FNDA:2,(anonymous_1)
FNDA:1,(anonymous_2)
DA:6,7
DA:9,2
DA:12,1
DA:16,4
LF:4
LH:4
BRF:0
BRH:0
end_of_record
TN:
SF:src/module/roll/diceterm.ts
FN:8,(anonymous_1)
FN:13,(anonymous_2)
FN:25,(anonymous_3)
FNF:3
FNH:2
FNDA:1,(anonymous_1)
FNDA:1,(anonymous_2)
FNDA:0,(anonymous_3)
DA:3,3
DA:9,1
DA:10,1
DA:14,1
DA:15,1
DA:16,1
DA:17,2
DA:18,2
DA:19,2
DA:22,1
DA:26,0
DA:30,3
LF:12
LH:11
BRDA:18,0,0,1
BRDA:18,0,1,1
BRF:2
BRH:2
end_of_record
TN:
SF:src/module/roll/mersennetwister.ts
FN:46,(anonymous_0)
FN:67,(anonymous_1)
FN:89,(anonymous_2)
FN:132,(anonymous_3)
FN:174,(anonymous_4)
FN:184,(anonymous_5)
FN:194,(anonymous_6)
FN:204,(anonymous_7)
FN:216,(anonymous_8)
FN:226,(anonymous_9)
FN:238,(anonymous_10)
FN:251,(anonymous_11)
FN:259,(anonymous_12)
FNF:13
FNH:5
FNDA:3,(anonymous_0)
FNDA:3,(anonymous_1)
FNDA:0,(anonymous_2)
FNDA:2,(anonymous_3)
FNDA:0,(anonymous_4)
FNDA:0,(anonymous_5)
FNDA:0,(anonymous_6)
FNDA:2,(anonymous_7)
FNDA:2,(anonymous_8)
FNDA:0,(anonymous_9)
FNDA:0,(anonymous_10)
FNDA:0,(anonymous_11)
FNDA:0,(anonymous_12)
DA:48,3
DA:49,3
DA:50,3
DA:51,3
DA:52,3
DA:53,3
DA:56,3
DA:57,3
DA:58,3
DA:68,3
DA:70,3
DA:72,3
DA:73,1869
DA:74,1869
DA:75,1869
DA:77,3
DA:90,0
DA:91,0
DA:92,0
DA:94,0
DA:95,0
DA:96,0
DA:98,0
DA:100,0
DA:101,0
DA:102,0
DA:103,0
DA:104,0
DA:105,0
DA:107,0
DA:108,0
DA:112,0
DA:113,0
DA:114,0
DA:116,0
DA:117,0
DA:118,0
DA:119,0
DA:120,0
DA:123,0
DA:136,2
DA:138,2
DA:139,1
DA:140,0
DA:143,1
DA:144,227
DA:145,227
DA:148,1
DA:149,396
DA:150,396
DA:153,1
DA:154,1
DA:155,1
DA:158,2
DA:160,2
DA:161,2
DA:162,2
DA:163,2
DA:165,2
DA:175,0
DA:185,0
DA:195,0
DA:205,2
DA:217,2
DA:227,0
DA:228,0
DA:229,0
DA:239,0
DA:240,0
DA:241,0
DA:242,0
DA:243,0
DA:244,0
DA:252,0
DA:260,0
DA:264,3
DA:266,3
LF:77
LH:38
BRDA:58,0,0,3
BRDA:58,0,1,0
BRDA:92,1,0,0
BRDA:92,1,1,0
BRDA:103,2,0,0
BRDA:107,3,0,0
BRDA:118,4,0,0
BRDA:138,5,0,1
BRDA:139,6,0,0
BRF:9
BRH:2
end_of_record
TN:
SF:src/module/roll/roller.ts
FN:6,(anonymous_1)
FN:10,(anonymous_2)
FNF:2
FNH:2
FNDA:3,(anonymous_1)
FNDA:2,(anonymous_2)
DA:1,3
DA:2,3
DA:7,3
DA:11,2
DA:12,2
DA:13,2
DA:17,3
LF:7
LH:7
BRF:0
BRH:0
end_of_record
TN:
SF:src/module/roll/rollerinstance.ts
FNF:0
FNH:0
DA:1,3
DA:3,3
LF:2
LH:2
BRF:0
BRH:0
end_of_record
TN:
SF:src/module/roll/rollresult.ts
FN:4,(anonymous_0)
FNF:1
FNH:1
FNDA:2,(anonymous_0)
DA:5,2
DA:6,2
DA:10,3
LF:3
LH:3
BRF:0
BRH:0
end_of_record
TN:
SF:src/module/roll/termresult.ts
FN:4,(anonymous_0)
FNF:1
FNH:1
FNDA:1,(anonymous_0)
DA:5,1
DA:6,1
DA:10,3
LF:3
LH:3
BRF:0
BRH:0
end_of_record
